mode: set
github.com/OtavioPinheiro/AprendendoGo/tree/master/exemplos/cap27/01-testes/exemplo03/main.go:9.13,12.2 2 0
github.com/OtavioPinheiro/AprendendoGo/tree/master/exemplos/cap27/01-testes/exemplo03/main.go:14.25,16.22 2 0
github.com/OtavioPinheiro/AprendendoGo/tree/master/exemplos/cap27/01-testes/exemplo03/main.go:19.2,19.12 1 0
github.com/OtavioPinheiro/AprendendoGo/tree/master/exemplos/cap27/01-testes/exemplo03/main.go:16.22,18.3 1 0
github.com/OtavioPinheiro/AprendendoGo/tree/master/exemplos/cap27/01-testes/exemplo03/main.go:22.32,25.2 2 1
